<?xml version="1.0" encoding="UTF-8"?>
<testng-results skipped="0" failed="1" ignored="0" total="1" passed="0">
  <reporter-output>
  </reporter-output>
  <suite name="Default suite" duration-ms="6743" started-at="2019-02-08T14:39:50Z" finished-at="2019-02-08T14:39:57Z">
    <groups>
    </groups>
    <test name="Default test" duration-ms="6743" started-at="2019-02-08T14:39:50Z" finished-at="2019-02-08T14:39:57Z">
      <class name="com.systemsetup.AllDropDownInputFromlFile">
        <test-method status="PASS" signature="getSetup()[pri:0, instance:com.systemsetup.AllDropDownInputFromlFile@457e2f02]" name="getSetup" is-config="true" duration-ms="2926" started-at="2019-02-08T14:39:50Z" finished-at="2019-02-08T14:39:53Z">
          <reporter-output>
          </reporter-output>
        </test-method> <!-- getSetup -->
        <test-method status="PASS" signature="workingURL()[pri:0, instance:com.systemsetup.AllDropDownInputFromlFile@457e2f02]" name="workingURL" is-config="true" duration-ms="3040" started-at="2019-02-08T14:39:53Z" finished-at="2019-02-08T14:39:56Z">
          <reporter-output>
          </reporter-output>
        </test-method> <!-- workingURL -->
        <test-method status="FAIL" signature="compareData()[pri:200, instance:com.systemsetup.AllDropDownInputFromlFile@457e2f02]" name="compareData" duration-ms="16" started-at="2019-02-08T14:39:56Z" finished-at="2019-02-08T14:39:56Z">
          <exception class="java.lang.NullPointerException">
            <full-stacktrace>
              <![CDATA[java.lang.NullPointerException
at com.systemsetup.UserGetsElementFromAllList.getDropDownList(UserGetsElementFromAllList.java:26)
at com.systemsetup.AllDropDownInputFromlFile.compareData(AllDropDownInputFromlFile.java:54)
at sun.reflect.NativeMethodAccessorImpl.invoke0(Native Method)
at sun.reflect.NativeMethodAccessorImpl.invoke(Unknown Source)
at sun.reflect.DelegatingMethodAccessorImpl.invoke(Unknown Source)
at java.lang.reflect.Method.invoke(Unknown Source)
at org.testng.internal.MethodInvocationHelper.invokeMethod(MethodInvocationHelper.java:124)
at org.testng.internal.Invoker.invokeMethod(Invoker.java:580)
at org.testng.internal.Invoker.invokeTestMethod(Invoker.java:716)
at org.testng.internal.Invoker.invokeTestMethods(Invoker.java:988)
at org.testng.internal.TestMethodWorker.invokeTestMethods(TestMethodWorker.java:125)
at org.testng.internal.TestMethodWorker.run(TestMethodWorker.java:109)
at org.testng.TestRunner.privateRun(TestRunner.java:648)
at org.testng.TestRunner.run(TestRunner.java:505)
at org.testng.SuiteRunner.runTest(SuiteRunner.java:455)
at org.testng.SuiteRunner.runSequentially(SuiteRunner.java:450)
at org.testng.SuiteRunner.privateRun(SuiteRunner.java:415)
at org.testng.SuiteRunner.run(SuiteRunner.java:364)
at org.testng.SuiteRunnerWorker.runSuite(SuiteRunnerWorker.java:52)
at org.testng.SuiteRunnerWorker.run(SuiteRunnerWorker.java:84)
at org.testng.TestNG.runSuitesSequentially(TestNG.java:1208)
at org.testng.TestNG.runSuitesLocally(TestNG.java:1137)
at org.testng.TestNG.runSuites(TestNG.java:1049)
at org.testng.TestNG.run(TestNG.java:1017)
at org.testng.remote.AbstractRemoteTestNG.run(AbstractRemoteTestNG.java:114)
at org.testng.remote.RemoteTestNG.initAndRun(RemoteTestNG.java:251)
at org.testng.remote.RemoteTestNG.main(RemoteTestNG.java:77)
]]>
            </full-stacktrace>
          </exception> <!-- java.lang.NullPointerException -->
          <reporter-output>
          </reporter-output>
        </test-method> <!-- compareData -->
        <test-method status="PASS" signature="closeBrowser()[pri:0, instance:com.systemsetup.AllDropDownInputFromlFile@457e2f02]" name="closeBrowser" is-config="true" duration-ms="742" started-at="2019-02-08T14:39:56Z" finished-at="2019-02-08T14:39:57Z">
          <reporter-output>
          </reporter-output>
        </test-method> <!-- closeBrowser -->
        <test-method status="PASS" signature="segregateTestCases()[pri:0, instance:com.systemsetup.AllDropDownInputFromlFile@457e2f02]" name="segregateTestCases" is-config="true" duration-ms="1" started-at="2019-02-08T14:39:57Z" finished-at="2019-02-08T14:39:57Z">
          <reporter-output>
          </reporter-output>
        </test-method> <!-- segregateTestCases -->
      </class> <!-- com.systemsetup.AllDropDownInputFromlFile -->
    </test> <!-- Default test -->
  </suite> <!-- Default suite -->
</testng-results>
